2018-08-01 17:25:36,175 INFO daemonizing the supervisord process
2018-08-01 17:25:36,176 INFO supervisord started with pid 10546
2018-08-01 17:25:37,179 INFO spawned: 'app' with pid 10551
2018-08-01 17:25:37,349 INFO exited: app (exit status 1; not expected)
2018-08-01 17:25:38,351 INFO spawned: 'app' with pid 10552
2018-08-01 17:25:38,503 INFO exited: app (exit status 1; not expected)
2018-08-01 17:25:40,506 INFO spawned: 'app' with pid 10553
2018-08-01 17:25:40,656 INFO exited: app (exit status 1; not expected)
2018-08-01 17:25:43,662 INFO spawned: 'app' with pid 10554
2018-08-01 17:25:43,818 INFO exited: app (exit status 1; not expected)
2018-08-01 17:25:44,819 INFO gave up: app entered FATAL state, too many start retries too quickly
2018-08-01 17:26:50,497 INFO daemonizing the supervisord process
2018-08-01 17:26:50,497 INFO supervisord started with pid 10576
2018-08-01 17:26:51,501 INFO spawned: 'app' with pid 10581
2018-08-01 17:26:51,680 INFO exited: app (exit status 1; not expected)
2018-08-01 17:26:52,683 INFO spawned: 'app' with pid 10583
2018-08-01 17:26:52,828 INFO exited: app (exit status 1; not expected)
2018-08-01 17:26:54,833 INFO spawned: 'app' with pid 10584
2018-08-01 17:26:54,987 INFO exited: app (exit status 1; not expected)
2018-08-01 17:26:57,991 INFO spawned: 'app' with pid 10585
2018-08-01 17:26:58,144 INFO exited: app (exit status 1; not expected)
2018-08-01 17:26:59,144 INFO gave up: app entered FATAL state, too many start retries too quickly
2018-08-01 17:27:29,682 INFO daemonizing the supervisord process
2018-08-01 17:27:29,683 INFO supervisord started with pid 10601
2018-08-01 17:27:30,684 INFO spawned: 'app' with pid 10606
2018-08-01 17:27:30,830 INFO exited: app (exit status 1; not expected)
2018-08-01 17:27:31,833 INFO spawned: 'app' with pid 10608
2018-08-01 17:27:31,977 INFO exited: app (exit status 1; not expected)
2018-08-01 17:27:33,980 INFO spawned: 'app' with pid 10609
2018-08-01 17:27:34,134 INFO exited: app (exit status 1; not expected)
2018-08-01 17:27:37,139 INFO spawned: 'app' with pid 10617
2018-08-01 17:27:37,298 INFO exited: app (exit status 1; not expected)
2018-08-01 17:27:38,299 INFO gave up: app entered FATAL state, too many start retries too quickly
2018-08-01 17:27:48,898 CRIT Server 'inet_http_server' running without any HTTP authentication checking
2018-08-01 17:27:48,899 INFO daemonizing the supervisord process
2018-08-01 17:27:48,899 INFO supervisord started with pid 10625
2018-08-01 17:27:49,902 INFO spawned: 'app' with pid 10631
2018-08-01 17:27:50,143 INFO exited: app (exit status 1; not expected)
2018-08-01 17:27:51,146 INFO spawned: 'app' with pid 10632
2018-08-01 17:27:51,295 INFO exited: app (exit status 1; not expected)
2018-08-01 17:27:53,300 INFO spawned: 'app' with pid 10633
2018-08-01 17:27:53,458 INFO exited: app (exit status 1; not expected)
2018-08-01 17:27:56,463 INFO spawned: 'app' with pid 10634
2018-08-01 17:27:56,620 INFO exited: app (exit status 1; not expected)
2018-08-01 17:27:57,621 INFO gave up: app entered FATAL state, too many start retries too quickly
2018-08-01 17:28:30,174 INFO RPC interface 'supervisor' initialized
2018-08-01 17:28:30,174 CRIT Server 'inet_http_server' running without any HTTP authentication checking
2018-08-01 17:28:30,175 INFO daemonizing the supervisord process
2018-08-01 17:28:30,175 INFO supervisord started with pid 10656
2018-08-01 17:28:31,177 INFO spawned: 'app' with pid 10661
2018-08-01 17:28:31,335 INFO exited: app (exit status 1; not expected)
2018-08-01 17:28:32,998 INFO spawned: 'app' with pid 10663
2018-08-01 17:28:33,143 INFO exited: app (exit status 1; not expected)
2018-08-01 17:28:35,145 INFO spawned: 'app' with pid 10664
2018-08-01 17:28:35,292 INFO exited: app (exit status 1; not expected)
2018-08-01 17:28:38,297 INFO spawned: 'app' with pid 10665
2018-08-01 17:28:38,451 INFO exited: app (exit status 1; not expected)
2018-08-01 17:28:39,452 INFO gave up: app entered FATAL state, too many start retries too quickly
2018-08-01 17:30:18,980 INFO RPC interface 'supervisor' initialized
2018-08-01 17:30:18,981 CRIT Server 'inet_http_server' running without any HTTP authentication checking
2018-08-01 17:30:18,981 INFO daemonizing the supervisord process
2018-08-01 17:30:18,982 INFO supervisord started with pid 10745
2018-08-01 17:30:19,984 INFO spawned: 'app' with pid 10750
2018-08-01 17:30:20,434 INFO exited: app (exit status 1; not expected)
2018-08-01 17:30:21,436 INFO spawned: 'app' with pid 10770
2018-08-01 17:30:21,919 INFO exited: app (exit status 1; not expected)
2018-08-01 17:30:24,275 INFO spawned: 'app' with pid 10791
2018-08-01 17:30:24,708 INFO exited: app (exit status 1; not expected)
2018-08-01 17:30:27,711 INFO spawned: 'app' with pid 10806
2018-08-01 17:30:28,089 INFO exited: app (exit status 1; not expected)
2018-08-01 17:30:29,091 INFO gave up: app entered FATAL state, too many start retries too quickly
2018-08-01 17:33:11,163 INFO RPC interface 'supervisor' initialized
2018-08-01 17:33:11,163 CRIT Server 'inet_http_server' running without any HTTP authentication checking
2018-08-01 17:33:11,164 INFO daemonizing the supervisord process
2018-08-01 17:33:11,164 INFO supervisord started with pid 10943
2018-08-01 17:33:12,166 INFO spawned: 'app' with pid 10948
2018-08-01 17:33:12,595 INFO exited: app (exit status 1; not expected)
2018-08-01 17:33:13,597 INFO spawned: 'app' with pid 10968
2018-08-01 17:33:14,029 INFO exited: app (exit status 1; not expected)
2018-08-01 17:33:16,149 INFO spawned: 'app' with pid 10983
2018-08-01 17:33:16,585 INFO exited: app (exit status 1; not expected)
2018-08-01 17:33:19,591 INFO spawned: 'app' with pid 11004
2018-08-01 17:33:19,994 INFO exited: app (exit status 1; not expected)
2018-08-01 17:33:20,996 INFO gave up: app entered FATAL state, too many start retries too quickly
2018-08-01 17:43:52,860 INFO RPC interface 'supervisor' initialized
2018-08-01 17:43:52,860 CRIT Server 'inet_http_server' running without any HTTP authentication checking
2018-08-01 17:43:52,861 INFO daemonizing the supervisord process
2018-08-01 17:43:52,861 INFO supervisord started with pid 11670
2018-08-01 17:43:53,865 INFO spawned: 'app' with pid 11675
2018-08-01 17:43:54,239 INFO exited: app (exit status 1; not expected)
2018-08-01 17:43:55,242 INFO spawned: 'app' with pid 11686
2018-08-01 17:43:55,626 INFO exited: app (exit status 1; not expected)
2018-08-01 17:43:57,630 INFO spawned: 'app' with pid 11697
2018-08-01 17:43:58,122 INFO exited: app (exit status 1; not expected)
2018-08-01 17:44:01,848 INFO spawned: 'app' with pid 11728
2018-08-01 17:44:02,274 INFO exited: app (exit status 1; not expected)
2018-08-01 17:44:03,276 INFO gave up: app entered FATAL state, too many start retries too quickly
2018-08-01 17:50:02,450 INFO RPC interface 'supervisor' initialized
2018-08-01 17:50:02,450 CRIT Server 'inet_http_server' running without any HTTP authentication checking
2018-08-01 17:50:02,450 INFO daemonizing the supervisord process
2018-08-01 17:50:02,451 INFO supervisord started with pid 12067
2018-08-01 17:50:03,453 INFO spawned: 'app' with pid 12072
2018-08-01 17:50:04,976 INFO success: app entered RUNNING state, process has stayed up for > than 1 seconds (startsecs)
2018-08-01 17:52:29,906 INFO stopped: app (exit status 0)
2018-08-01 17:52:30,913 INFO spawned: 'app' with pid 12303
2018-08-01 17:52:32,490 INFO success: app entered RUNNING state, process has stayed up for > than 1 seconds (startsecs)
2018-08-01 17:52:39,342 INFO waiting for app to die
2018-08-01 17:52:40,309 INFO stopped: app (exit status 0)
